<?xml version="1.0" encoding="UTF-8"?>
<testng-results skipped="0" failed="0" ignored="0" total="1" passed="1">
  <reporter-output>
    <line>
      <![CDATA[<div "result">the browser is opened and showing the intranet homepage (PASSED : 0s)</div>]]>
    </line>
    <line>
      <![CDATA[<div "result">user logs on with valid credentials (PASSED : 0s)</div>]]>
    </line>
    <line>
      <![CDATA[<div "result">login is successful (PASSED : 0s)</div>]]>
    </line>
    <line>
      <![CDATA[<div "result">the homepage is displayed (PASSED : 0s)</div>]]>
    </line>
  </reporter-output>
  <suite name="Default suite" duration-ms="296" started-at="2018-11-06T13:47:41Z" finished-at="2018-11-06T13:47:41Z">
    <groups>
      <group name="cucumber">
        <method signature="AbstractTestNGCucumberTests.runScenario(cucumber.api.testng.PickleEventWrapper, cucumber.api.testng.CucumberFeatureWrapper)[pri:0, instance:testrunner.Testrunner@27f723]" name="runScenario" class="cucumber.api.testng.AbstractTestNGCucumberTests"/>
      </group> <!-- cucumber -->
    </groups>
    <test name="Default test" duration-ms="296" started-at="2018-11-06T13:47:41Z" finished-at="2018-11-06T13:47:41Z">
      <class name="testrunner.Testrunner">
        <test-method status="PASS" signature="setUpClass()[pri:0, instance:testrunner.Testrunner@27f723]" name="setUpClass" is-config="true" duration-ms="139" started-at="2018-11-06T13:47:41Z" finished-at="2018-11-06T13:47:41Z">
          <reporter-output>
          </reporter-output>
        </test-method> <!-- setUpClass -->
        <test-method status="PASS" signature="runScenario(cucumber.api.testng.PickleEventWrapper, cucumber.api.testng.CucumberFeatureWrapper)[pri:0, instance:testrunner.Testrunner@27f723]" name="runScenario" duration-ms="22" started-at="2018-11-06T13:47:41Z" description="Runs Cucumber Scenarios" data-provider="scenarios" finished-at="2018-11-06T13:47:41Z">
          <params>
            <param index="0">
              <value>
                <![CDATA["Valid Credentials"]]>
              </value>
            </param>
            <param index="1">
              <value>
                <![CDATA["Demo Login"]]>
              </value>
            </param>
          </params>
          <reporter-output>
            <line>
              <![CDATA[<div "result">the browser is opened and showing the intranet homepage (PASSED : 0s)</div>]]>
            </line>
            <line>
              <![CDATA[<div "result">user logs on with valid credentials (PASSED : 0s)</div>]]>
            </line>
            <line>
              <![CDATA[<div "result">login is successful (PASSED : 0s)</div>]]>
            </line>
            <line>
              <![CDATA[<div "result">the homepage is displayed (PASSED : 0s)</div>]]>
            </line>
          </reporter-output>
        </test-method> <!-- runScenario -->
        <test-method status="PASS" signature="tearDownClass()[pri:0, instance:testrunner.Testrunner@27f723]" name="tearDownClass" is-config="true" duration-ms="39" started-at="2018-11-06T13:47:41Z" finished-at="2018-11-06T13:47:41Z">
          <reporter-output>
          </reporter-output>
        </test-method> <!-- tearDownClass -->
      </class> <!-- testrunner.Testrunner -->
    </test> <!-- Default test -->
  </suite> <!-- Default suite -->
</testng-results>
